[debug] [2020-03-22T13:37:08.750Z] ----------------------------------------------------------------------
[debug] [2020-03-22T13:37:08.752Z] Command:       C:\Program Files\nodejs\node.exe C:\Users\Mohamed Elredeny\AppData\Roaming\npm\node_modules\firebase-tools\lib\bin\firebase.js init
[debug] [2020-03-22T13:37:08.753Z] CLI Version:   7.15.1
[debug] [2020-03-22T13:37:08.753Z] Platform:      win32
[debug] [2020-03-22T13:37:08.753Z] Node Version:  v12.16.1
[debug] [2020-03-22T13:37:08.754Z] Time:          Sun Mar 22 2020 15:37:08 GMT+0200 (Eastern European Standard Time)
[debug] [2020-03-22T13:37:08.754Z] ----------------------------------------------------------------------
[debug] [2020-03-22T13:37:08.754Z] 
[debug] [2020-03-22T13:37:08.763Z] > command requires scopes: ["email","openid","https://www.googleapis.com/auth/cloudplatformprojects.readonly","https://www.googleapis.com/auth/firebase","https://www.googleapis.com/auth/cloud-platform"]
[debug] [2020-03-22T13:37:08.763Z] > authorizing via signed-in user
[info] 
     ######## #### ########  ######## ########     ###     ######  ########
     ##        ##  ##     ## ##       ##     ##  ##   ##  ##       ##
     ######    ##  ########  ######   ########  #########  ######  ######
     ##        ##  ##    ##  ##       ##     ## ##     ##       ## ##
     ##       #### ##     ## ######## ########  ##     ##  ######  ########

You're about to initialize a Firebase project in this directory:

  C:\xampp1\htdocs\Blood Bank

Before we get started, keep in mind:

  * You are currently outside your home directory

[info] 
=== Project Setup
[info] 
[info] First, let's associate this project directory with a Firebase project.
[info] You can create multiple project aliases by running firebase use --add, 
[info] but for now we'll just set up a default project.
[info] 
[info] i  If you want to create a project in a Google Cloud organization or folder, please use "firebase projects:create" instead, and return to this command when you've created the project.
[debug] [2020-03-22T13:37:49.418Z] >>> HTTP REQUEST POST https://cloudresourcemanager.googleapis.com/v1/projects  

[debug] [2020-03-22T13:37:52.346Z] <<< HTTP RESPONSE 400
[debug] [2020-03-22T13:37:52.347Z] <<< HTTP RESPONSE BODY
[debug] [2020-03-22T13:37:52.349Z] HTTP Error: 400, field [project_id] has issue [project_id contains invalid characters]
[debug] [2020-03-22T13:37:58.937Z] FirebaseError: HTTP Error: 400, field [project_id] has issue [project_id contains invalid characters]
    at module.exports (C:\Users\Mohamed Elredeny\AppData\Roaming\npm\node_modules\firebase-tools\lib\responseToError.js:38:12)
    at Request._callback (C:\Users\Mohamed Elredeny\AppData\Roaming\npm\node_modules\firebase-tools\lib\api.js:39:35)
    at Request.self.callback (C:\Users\Mohamed Elredeny\AppData\Roaming\npm\node_modules\firebase-tools\node_modules\request\request.js:185:22)
    at Request.emit (events.js:311:20)
    at Request.EventEmitter.emit (domain.js:482:12)
    at Request.<anonymous> (C:\Users\Mohamed Elredeny\AppData\Roaming\npm\node_modules\firebase-tools\node_modules\request\request.js:1154:10)
    at Request.emit (events.js:311:20)
    at Request.EventEmitter.emit (domain.js:482:12)
    at IncomingMessage.<anonymous> (C:\Users\Mohamed Elredeny\AppData\Roaming\npm\node_modules\firebase-tools\node_modules\request\request.js:1076:12)
    at Object.onceWrapper (events.js:417:28)
    at IncomingMessage.emit (events.js:323:22)
    at IncomingMessage.EventEmitter.emit (domain.js:482:12)
    at endReadableNT (_stream_readable.js:1204:12)
    at processTicksAndRejections (internal/process/task_queues.js:84:21)
[error] 
[error] Error: Failed to create Google Cloud project. See firebase-debug.log for more info.
